<?xml version="1.0" encoding="UTF-8"?>
<testng-results skipped="0" failed="0" total="1" passed="1">
  <reporter-output>
  </reporter-output>
  <suite name="Default suite" duration-ms="11429" started-at="2019-06-21T10:42:13Z" finished-at="2019-06-21T10:42:24Z">
    <groups>
    </groups>
    <test name="Default test" duration-ms="11429" started-at="2019-06-21T10:42:13Z" finished-at="2019-06-21T10:42:24Z">
      <class name="com.maven.selenium.AppTest">
        <test-method status="PASS" signature="setUp()[pri:0, instance:com.maven.selenium.AppTest@589838eb]" name="setUp" is-config="true" duration-ms="7571" started-at="2019-06-21T16:12:13Z" finished-at="2019-06-21T16:12:21Z">
          <reporter-output>
          </reporter-output>
        </test-method> <!-- setUp -->
        <test-method status="PASS" signature="withoutmain()[pri:0, instance:com.maven.selenium.AppTest@589838eb]" name="withoutmain" duration-ms="3846" started-at="2019-06-21T16:12:21Z" finished-at="2019-06-21T16:12:24Z">
          <reporter-output>
          </reporter-output>
        </test-method> <!-- withoutmain -->
      </class> <!-- com.maven.selenium.AppTest -->
    </test> <!-- Default test -->
  </suite> <!-- Default suite -->
</testng-results>
